<?xml version="1.0" encoding="UTF-8"?>
<!-- Generated by org.testng.reporters.JUnitXMLReporter -->
<testsuite ignored="0" hostname="sansidson-PC" failures="0" tests="3" name="Test" time="70.308" errors="0" timestamp="2022-10-16T17:27:09 IST">
  <testcase classname="Testcases.CountrywiseProductDetailslinkvalidity" name="linkvalidity" time="28.668"/>
  <testcase classname="Testcases.verifylogintestcase" name="login" time="5.58"/>
  <testcase classname="Testcases.signuptestcase" name="signup" time="10.901"/>
</testsuite> <!-- Test -->
