<?xml version="1.0" encoding="UTF-8"?>
<testng-results ignored="0" total="1" passed="1" failed="0" skipped="0">
  <reporter-output>
  </reporter-output>
  <suite started-at="2022-09-15T17:19:06 IST" name="Default suite" finished-at="2022-09-15T17:19:41 IST" duration-ms="35776">
    <groups>
    </groups>
    <test started-at="2022-09-15T17:19:06 IST" name="Default test" finished-at="2022-09-15T17:19:41 IST" duration-ms="35776">
      <class name="Testcases.CountrywiseProductDetailslinkvalidity">
        <test-method is-config="true" signature="simultaneouslaunchbrowser()[pri:0, instance:Testcases.CountrywiseProductDetailslinkvalidity@13e344d]" started-at="2022-09-15T17:19:06 IST" name="simultaneouslaunchbrowser" finished-at="2022-09-15T17:19:17 IST" duration-ms="11323" status="PASS">
          <reporter-output>
          </reporter-output>
        </test-method> <!-- simultaneouslaunchbrowser -->
        <test-method signature="linkvalidity()[pri:0, instance:Testcases.CountrywiseProductDetailslinkvalidity@13e344d]" started-at="2022-09-15T17:19:17 IST" name="linkvalidity" finished-at="2022-09-15T17:19:41 IST" duration-ms="24362" status="PASS">
          <reporter-output>
          </reporter-output>
        </test-method> <!-- linkvalidity -->
      </class> <!-- Testcases.CountrywiseProductDetailslinkvalidity -->
    </test> <!-- Default test -->
  </suite> <!-- Default suite -->
</testng-results>
