<?xml version="1.0" encoding="UTF-8"?>
<testng-results ignored="0" total="1" passed="1" failed="0" skipped="0">
  <reporter-output>
  </reporter-output>
  <suite started-at="2022-10-16T17:35:03 IST" name="Default suite" finished-at="2022-10-16T17:35:26 IST" duration-ms="22700">
    <groups>
    </groups>
    <test started-at="2022-10-16T17:35:03 IST" name="Default test" finished-at="2022-10-16T17:35:26 IST" duration-ms="22700">
      <class name="Testcases.signuptestcase">
        <test-method is-config="true" signature="simultaneouslaunchbrowser()[pri:0, instance:Testcases.signuptestcase@13e344d]" started-at="2022-10-16T17:35:03 IST" name="simultaneouslaunchbrowser" finished-at="2022-10-16T17:35:11 IST" duration-ms="7307" status="PASS">
          <reporter-output>
          </reporter-output>
        </test-method> <!-- simultaneouslaunchbrowser -->
        <test-method signature="signup()[pri:0, instance:Testcases.signuptestcase@13e344d]" started-at="2022-10-16T17:35:11 IST" name="signup" finished-at="2022-10-16T17:35:26 IST" duration-ms="15331" status="PASS">
          <reporter-output>
          </reporter-output>
        </test-method> <!-- signup -->
      </class> <!-- Testcases.signuptestcase -->
    </test> <!-- Default test -->
  </suite> <!-- Default suite -->
</testng-results>
